incomeexpense/build/intermediates/manifest_merge_blame_file/release/manifest-merger-blame-release-report.txt
1<?xml version="1.0" encoding="utf-8"?>
2<manifest xmlns:android="http://schemas.android.com/apk/res/android"
3    package="com.d9tilov.android.incomeexpense" >
4
5    <uses-sdk android:minSdkVersion="21" />
5-->ProcessLibraryManifest/release/tempAndroidManifest11754783165847308819.xml
6
7</manifest>